<?xml version="1.0" encoding="UTF-8"?>
<coverage generated="1732143563">
  <project timestamp="1732143563">
    <file name="/home/tac/g/sites/survos/packages/geoapify-bundle/src/Service/GeoapifyService.php">
      <class name="Survos\GeoapifyBundle\Service\GeoapifyService" namespace="global">
        <metrics complexity="6" methods="3" coveredmethods="1" conditionals="0" coveredconditionals="0" statements="15" coveredstatements="8" elements="18" coveredelements="9"/>
      </class>
      <line num="13" type="method" name="__construct" visibility="public" complexity="1" crap="1" count="1"/>
      <line num="19" type="stmt" count="1"/>
      <line num="21" type="method" name="reverseGeocode" visibility="public" complexity="2" crap="2.06" count="1"/>
      <line num="23" type="stmt" count="1"/>
      <line num="24" type="stmt" count="1"/>
      <line num="25" type="stmt" count="0"/>
      <line num="26" type="stmt" count="1"/>
      <line num="30" type="method" name="reverseApiCall" visibility="public" complexity="3" crap="4.94" count="1"/>
      <line num="32" type="stmt" count="1"/>
      <line num="34" type="stmt" count="1"/>
      <line num="35" type="stmt" count="1"/>
      <line num="36" type="stmt" count="0"/>
      <line num="37" type="stmt" count="0"/>
      <line num="38" type="stmt" count="0"/>
      <line num="39" type="stmt" count="0"/>
      <line num="42" type="stmt" count="0"/>
      <line num="46" type="stmt" count="1"/>
      <line num="48" type="stmt" count="0"/>
      <metrics loc="54" ncloc="50" classes="1" methods="3" coveredmethods="1" conditionals="0" coveredconditionals="0" statements="15" coveredstatements="8" elements="18" coveredelements="9"/>
    </file>
    <file name="/home/tac/g/sites/survos/packages/geoapify-bundle/src/SurvosGeoapifyBundle.php">
      <class name="Survos\GeoapifyBundle\SurvosGeoapifyBundle" namespace="global">
        <metrics complexity="2" methods="2" coveredmethods="2" conditionals="0" coveredconditionals="0" statements="11" coveredstatements="11" elements="13" coveredelements="13"/>
      </class>
      <line num="13" type="method" name="loadExtension" visibility="public" complexity="1" crap="1" count="1"/>
      <line num="17" type="stmt" count="1"/>
      <line num="18" type="stmt" count="1"/>
      <line num="19" type="stmt" count="1"/>
      <line num="20" type="stmt" count="1"/>
      <line num="21" type="stmt" count="1"/>
      <line num="22" type="stmt" count="1"/>
      <line num="23" type="stmt" count="1"/>
      <line num="29" type="method" name="configure" visibility="public" complexity="1" crap="1" count="1"/>
      <line num="31" type="stmt" count="1"/>
      <line num="32" type="stmt" count="1"/>
      <line num="33" type="stmt" count="1"/>
      <line num="34" type="stmt" count="1"/>
      <metrics loc="37" ncloc="36" classes="1" methods="2" coveredmethods="2" conditionals="0" coveredconditionals="0" statements="11" coveredstatements="11" elements="13" coveredelements="13"/>
    </file>
    <metrics files="2" loc="91" ncloc="86" classes="2" methods="5" coveredmethods="3" conditionals="0" coveredconditionals="0" statements="26" coveredstatements="19" elements="31" coveredelements="22"/>
  </project>
</coverage>
